[SUCCESS] Database connected successfully
[SUCCESS] Database connected successfully
[SUCCESS] Database schema initialized successfully

=============================================

          NexusGuild Server Running

   Port: 1985

     HTTP:   http://localhost:1985
     Socket: http://localhost:1985

=============================================
            
[SUCCESS] Database connected successfully
[SUCCESS] Database connected successfully
[SUCCESS] Database connected successfully
[SUCCESS] Database connected successfully
[INFO] User logged in: LilianaXolkiyr (2251086793225015296)
[INFO] User connected: LilianaXolkiyr (2251086793225015296)
[INFO] LilianaXolkiyr joined server 2251089148272185344
[SUCCESS] Database connected successfully
[INFO] LilianaXolkiyr joined server 2251089148272185344
[INFO] LilianaXolkiyr joined channel 2251089148272185347
[SUCCESS] Database connected successfully
[WARNING] User disconnected: LilianaXolkiyr (2251086793225015296)
[SUCCESS] Database connected successfully
[SUCCESS] Database connected successfully
[SUCCESS] Database connected successfully
[INFO] User connected: LilianaXolkiyr (2251086793225015296)
[INFO] LilianaXolkiyr joined server 2251089148272185344
[INFO] LilianaXolkiyr joined server 2251089148272185344
[INFO] LilianaXolkiyr joined channel 2251089148272185347
[WARNING] User disconnected: LilianaXolkiyr (2251086793225015296)
[SUCCESS] Database connected successfully
[SUCCESS] Database connected successfully
[SUCCESS] Database connected successfully
[SUCCESS] Database connected successfully
[SUCCESS] Database connected successfully
[SUCCESS] Database connected successfully
[INFO] User connected: LilianaXolkiyr (2251086793225015296)
[SUCCESS] Server created: "Beta Server" (2251208659289772032) by user 2251086793225015296
[INFO] LilianaXolkiyr joined server 2251208659289772032
[INFO] LilianaXolkiyr joined server 2251208659289772032
[INFO] LilianaXolkiyr joined channel 2251208660556451840
[INFO] LilianaXolkiyr joined channel 2251208660556451840
[SUCCESS] Database connected successfully
[WARNING] User disconnected: LilianaXolkiyr (2251086793225015296)
[SUCCESS] Database connected successfully
[SUCCESS] Database connected successfully
[SUCCESS] Database connected successfully
[SUCCESS] Database connected successfully
[SUCCESS] Database connected successfully
[SUCCESS] Database connected successfully
[SUCCESS] Database connected successfully
[INFO] User connected: LilianaXolkiyr (2251086793225015296)
[INFO] LilianaXolkiyr joined server 2251208659289772032
[INFO] LilianaXolkiyr joined server 2251208659289772032
[INFO] LilianaXolkiyr joined channel 2251208660556451840
[INFO] LilianaXolkiyr joined channel 2251208660770361344
[INFO] LilianaXolkiyr joined channel 2251208660971687936
[INFO] Invite created: D1F3BE08 for server 2251208659289772032
[SIGNAL] SIGINT received (Ctrl+C). Shutting down.
