[SUCCESS] Database connected successfully
[SUCCESS] Database connected successfully
[SUCCESS] Database schema initialized successfully

=============================================

          NexusGuild Server Running

   Port: 1985

     HTTP:   http://localhost:1985
     Socket: http://localhost:1985

=============================================
            
[INFO] User connected: LilianaXolkiyr (2251086793225015296)
[INFO] LilianaXolkiyr joined server 2251239640520462336
[INFO] LilianaXolkiyr joined channel 2251239641938137088
[WARNING] User disconnected: LilianaXolkiyr (2251086793225015296)
[SUCCESS] Database connected successfully
[SUCCESS] Database connected successfully
[SUCCESS] Database connected successfully
[SUCCESS] Database connected successfully
[SUCCESS] Database connected successfully
[INFO] User connected: LilianaXolkiyr (2251086793225015296)
[INFO] LilianaXolkiyr joined server 2251208659289772032
[INFO] LilianaXolkiyr joined server 2251239640520462336
[INFO] LilianaXolkiyr joined channel 2251239641938137088
[SUCCESS] Database connected successfully
[INFO] Message sent by LilianaXolkiyr in channel 2251239641938137088 with 1 attachment(s)
[SUCCESS] Database connected successfully
